  Main.cpp
<<<<<<< HEAD
C:\Users\ipnnr\source\repos\Json\StatLibJson\Value.h(3,10): warning C4067: unexpected tokens following preprocessor directive - expected a newline
C:\Users\ipnnr\source\repos\Json\StatLibJson\Json.h(50,1): warning C4267: 'initializing': conversion from 'size_t' to 'int', possible loss of data
C:\Users\ipnnr\source\repos\Json\StatLibJson\Json.h(56,1): warning C4267: 'initializing': conversion from 'size_t' to 'int', possible loss of data
C:\Users\ipnnr\source\repos\Json\StatLibJson\Json.h(57,1): warning C4267: 'initializing': conversion from 'size_t' to 'int', possible loss of data
C:\Users\ipnnr\source\repos\Json\StatLibJson\Json.h(67,1): warning C4267: 'initializing': conversion from 'size_t' to 'int', possible loss of data
C:\Users\ipnnr\source\repos\Json\StatLibJson\Json.h(68,1): warning C4267: 'initializing': conversion from 'size_t' to 'int', possible loss of data
C:\Users\ipnnr\source\repos\Json\StatLibJson\Json.h(172,1): warning C4267: 'initializing': conversion from 'size_t' to 'int', possible loss of data
C:\Users\ipnnr\source\repos\Json\StatLibJson\Json.h(173,7): warning C4101: 'type': unreferenced local variable
  Json.exe.vcxproj -> C:\Users\ipnnr\source\repos\Json\x64\Debug\Json.exe.exe
=======
D:\git_reps\Json\statLibJson\Value.h(3,10): warning C4067: непредвиденные лексемы за директивой препроцессора, требуется newline
D:\git_reps\Json\statLibJson\Json.h(77,1): warning C4267: инициализация: преобразование из "size_t" в "int"; возможна потеря данных
D:\git_reps\Json\statLibJson\Json.h(83,1): warning C4267: инициализация: преобразование из "size_t" в "int"; возможна потеря данных
D:\git_reps\Json\statLibJson\Json.h(84,1): warning C4267: инициализация: преобразование из "size_t" в "int"; возможна потеря данных
D:\git_reps\Json\statLibJson\Json.h(94,1): warning C4267: инициализация: преобразование из "size_t" в "int"; возможна потеря данных
D:\git_reps\Json\statLibJson\Json.h(95,1): warning C4267: инициализация: преобразование из "size_t" в "int"; возможна потеря данных
D:\git_reps\Json\statLibJson\Json.h(126,1): warning C4267: инициализация: преобразование из "size_t" в "int"; возможна потеря данных
D:\git_reps\Json\statLibJson\Json.h(127,7): warning C4101: type: неиспользованная локальная переменная
  .NETFramework,Version=v4.7.2.AssemblyAttributes.cpp
  Создание кода...
  Main.obj : обнаружен модуль MSIL; для MSIL последовательная компоновка отключена; выполняется полная компоновка
  Json.exe.vcxproj -> D:\git_reps\Json\x64\Debug\Json.exe.exe
>>>>>>> pr/4
